0 info it worked if it ends with ok
1 verbose cli [ '/Users/shamsmethnani/.nvm/versions/node/v6.2.0/bin/node',
1 verbose cli   '/Users/shamsmethnani/.nvm/versions/node/v6.2.0/bin/npm',
1 verbose cli   'unpublish',
1 verbose cli   '-f',
1 verbose cli   'tmp1-pkg-docstore' ]
2 info using npm@3.9.2
3 info using node@v6.2.0
4 warn using --force I sure hope you know what you are doing.
5 silly unpublish args[0] tmp1-pkg-docstore
6 silly unpublish thing Result {
6 silly unpublish   raw: 'tmp1-pkg-docstore',
6 silly unpublish   scope: null,
6 silly unpublish   name: 'tmp1-pkg-docstore',
6 silly unpublish   rawSpec: '',
6 silly unpublish   spec: 'latest',
6 silly unpublish   type: 'tag' }
7 verbose getPublishConfig null
8 silly ls normalized tmp1-pkg-docstore
9 silly gentlyRm /Users/shamsmethnani/.npm/tmp1-pkg-docstore is being purged
10 verbose gentlyRm don't care about contents; nuking /Users/shamsmethnani/.npm/tmp1-pkg-docstore
11 silly vacuum-fs purging /Users/shamsmethnani/.npm/tmp1-pkg-docstore
12 silly vacuum-fs quitting because other entries in /Users/shamsmethnani/.npm
13 silly mapToRegistry name tmp1-pkg-docstore
14 silly mapToRegistry using default registry
15 silly mapToRegistry registry https://registry.npmjs.org/
16 silly mapToRegistry data Result {
16 silly mapToRegistry   raw: 'tmp1-pkg-docstore',
16 silly mapToRegistry   scope: null,
16 silly mapToRegistry   name: 'tmp1-pkg-docstore',
16 silly mapToRegistry   rawSpec: '',
16 silly mapToRegistry   spec: 'latest',
16 silly mapToRegistry   type: 'tag' }
17 silly mapToRegistry uri https://registry.npmjs.org/tmp1-pkg-docstore
18 verbose get GET as part of write; not caching result
19 verbose request uri https://registry.npmjs.org/tmp1-pkg-docstore?write=true
20 verbose request no auth needed
21 info attempt registry request try #1 at 8:54:05 AM
22 verbose request using bearer token for auth
23 verbose request id 795c411f451d6310
24 http request GET https://registry.npmjs.org/tmp1-pkg-docstore?write=true
25 http 200 https://registry.npmjs.org/tmp1-pkg-docstore?write=true
26 verbose headers { server: 'CouchDB/1.5.0 (Erlang OTP/R16B03)',
26 verbose headers   etag: '"8I45KPGO2J5AXUDAY3HDUNKF8"',
26 verbose headers   'content-type': 'application/json',
26 verbose headers   'content-encoding': 'gzip',
26 verbose headers   'cache-control': 'max-age=0',
26 verbose headers   'transfer-encoding': 'chunked',
26 verbose headers   'accept-ranges': 'bytes',
26 verbose headers   date: 'Tue, 27 Sep 2016 06:54:05 GMT',
26 verbose headers   via: '1.1 varnish',
26 verbose headers   connection: 'keep-alive',
26 verbose headers   'x-served-by': 'cache-lcy1126-LCY',
26 verbose headers   'x-cache': 'MISS',
26 verbose headers   'x-cache-hits': '0',
26 verbose headers   'x-timer': 'S1474959245.034253,VS0,VE360',
26 verbose headers   vary: 'Accept-Encoding' }
27 silly get cb [ 200,
27 silly get   { server: 'CouchDB/1.5.0 (Erlang OTP/R16B03)',
27 silly get     etag: '"8I45KPGO2J5AXUDAY3HDUNKF8"',
27 silly get     'content-type': 'application/json',
27 silly get     'content-encoding': 'gzip',
27 silly get     'cache-control': 'max-age=0',
27 silly get     'transfer-encoding': 'chunked',
27 silly get     'accept-ranges': 'bytes',
27 silly get     date: 'Tue, 27 Sep 2016 06:54:05 GMT',
27 silly get     via: '1.1 varnish',
27 silly get     connection: 'keep-alive',
27 silly get     'x-served-by': 'cache-lcy1126-LCY',
27 silly get     'x-cache': 'MISS',
27 silly get     'x-cache-hits': '0',
27 silly get     'x-timer': 'S1474959245.034253,VS0,VE360',
27 silly get     vary: 'Accept-Encoding' } ]
28 verbose get saving tmp1-pkg-docstore to /Users/shamsmethnani/.npm/registry.npmjs.org/tmp1-pkg-docstore_3Fwrite_3Dtrue/.cache.json
29 verbose correctMkdir /Users/shamsmethnani/.npm correctMkdir not in flight; initializing
30 info unpublish No version specified, removing all
31 verbose request uri https://registry.npmjs.org/tmp1-pkg-docstore/-rev/1-029b728746cda9d1f7e06f968118e34a
32 verbose request sending authorization for write operation
33 info attempt registry request try #1 at 8:54:06 AM
34 verbose request using bearer token for auth
35 http request DELETE https://registry.npmjs.org/tmp1-pkg-docstore/-rev/1-029b728746cda9d1f7e06f968118e34a
36 http 504 https://registry.npmjs.org/tmp1-pkg-docstore/-rev/1-029b728746cda9d1f7e06f968118e34a
37 verbose bad json <html><body><h1>504 Gateway Time-out</h1>
37 verbose bad json The server didn't respond in time.
37 verbose bad json </body></html>
38 error registry error parsing json
39 verbose headers { 'content-type': 'text/html',
39 verbose headers   'cache-control': 'max-age=300',
39 verbose headers   'transfer-encoding': 'chunked',
39 verbose headers   'accept-ranges': 'bytes',
39 verbose headers   date: 'Tue, 27 Sep 2016 06:54:55 GMT',
39 verbose headers   via: '1.1 varnish',
39 verbose headers   connection: 'keep-alive',
39 verbose headers   'x-served-by': 'cache-lcy1126-LCY',
39 verbose headers   'x-cache': 'MISS',
39 verbose headers   'x-cache-hits': '0',
39 verbose headers   'x-timer': 'S1474959245.523982,VS0,VE50358',
39 verbose headers   vary: 'Accept-Encoding' }
40 info retry will retry, error on last attempt: SyntaxError: Unexpected token < in JSON at position 0
40 info retry <html><body><h1>504 Gateway Time-out</h1>
40 info retry The server didn't respond in time.
40 info retry </body></html>
41 info attempt registry request try #2 at 8:55:06 AM
42 verbose request using bearer token for auth
43 http request DELETE https://registry.npmjs.org/tmp1-pkg-docstore/-rev/1-029b728746cda9d1f7e06f968118e34a
44 http 403 https://registry.npmjs.org/tmp1-pkg-docstore/-rev/1-029b728746cda9d1f7e06f968118e34a
45 verbose headers { 'content-type': 'application/json',
45 verbose headers   'cache-control': 'max-age=300',
45 verbose headers   'content-length': '111',
45 verbose headers   'accept-ranges': 'bytes',
45 verbose headers   date: 'Tue, 27 Sep 2016 06:55:06 GMT',
45 verbose headers   via: '1.1 varnish',
45 verbose headers   connection: 'keep-alive',
45 verbose headers   'x-served-by': 'cache-lcy1133-LCY',
45 verbose headers   'x-cache': 'MISS',
45 verbose headers   'x-cache-hits': '0',
45 verbose headers   'x-timer': 'S1474959306.104382,VS0,VE572',
45 verbose headers   vary: 'Accept-Encoding' }
46 verbose request invalidating /Users/shamsmethnani/.npm/registry.npmjs.org/tmp1-pkg-docstore on DELETE
47 verbose stack Error: you do not have permission to publish "tmp1-pkg-docstore". Are you logged in as the correct user? : tmp1-pkg-docstore
47 verbose stack     at makeError (/Users/shamsmethnani/.nvm/versions/node/v6.2.0/lib/node_modules/npm/node_modules/npm-registry-client/lib/request.js:264:12)
47 verbose stack     at CachingRegistryClient.<anonymous> (/Users/shamsmethnani/.nvm/versions/node/v6.2.0/lib/node_modules/npm/node_modules/npm-registry-client/lib/request.js:252:14)
47 verbose stack     at Request._callback (/Users/shamsmethnani/.nvm/versions/node/v6.2.0/lib/node_modules/npm/node_modules/npm-registry-client/lib/request.js:172:14)
47 verbose stack     at Request.self.callback (/Users/shamsmethnani/.nvm/versions/node/v6.2.0/lib/node_modules/npm/node_modules/request/request.js:200:22)
47 verbose stack     at emitTwo (events.js:106:13)
47 verbose stack     at Request.emit (events.js:191:7)
47 verbose stack     at Request.<anonymous> (/Users/shamsmethnani/.nvm/versions/node/v6.2.0/lib/node_modules/npm/node_modules/request/request.js:1067:10)
47 verbose stack     at emitOne (events.js:101:20)
47 verbose stack     at Request.emit (events.js:188:7)
47 verbose stack     at IncomingMessage.<anonymous> (/Users/shamsmethnani/.nvm/versions/node/v6.2.0/lib/node_modules/npm/node_modules/request/request.js:988:12)
48 verbose statusCode 403
49 verbose pkgid tmp1-pkg-docstore
50 verbose cwd /Users/shamsmethnani/fossits/orbit-db-docstore
51 error Darwin 14.5.0
52 error argv "/Users/shamsmethnani/.nvm/versions/node/v6.2.0/bin/node" "/Users/shamsmethnani/.nvm/versions/node/v6.2.0/bin/npm" "unpublish" "-f" "tmp1-pkg-docstore"
53 error node v6.2.0
54 error npm  v3.9.2
55 error code E403
56 error you do not have permission to publish "tmp1-pkg-docstore". Are you logged in as the correct user? : tmp1-pkg-docstore
57 error If you need help, you may report this error at:
57 error     <https://github.com/npm/npm/issues>
58 verbose exit [ 1, true ]
